2020-06-13 16:20:17,753 - __main__ - INFO - IWV - queued 50 holding dates for download
2020-06-13 16:20:17,791 - __main__ - INFO - IWV - HoldingsProcessor for 2006-09-29 successfully initialized
2020-06-13 16:20:20,034 - __main__ - INFO - IWV - successful response from ishares.com for request: https://www.ishares.com/us/products/239714/ishares-russell-3000-etf/1467271812596.ajax?fileType=csv&fileName=IWV_holdings&dataType=fund&asOfDate=20060929
2020-06-13 16:20:20,557 - __main__ - INFO - IWV - archive raw to s3 success: https://s3.console.aws.amazon.com/s3/object/ishares/type=holdings/state=raw/etf=IWV/asofdate=2006-09-29.gz
2020-06-13 16:20:20,559 - __main__ - INFO - IWV - schema successfully detected: domestic_equity
2020-06-13 16:20:20,569 - __main__ - INFO - IWV - file successfully formatted prior to s3 upload
2020-06-13 16:20:21,269 - __main__ - INFO - IWV - s3 upload success: https://s3.console.aws.amazon.com/s3/object/ishares/type=holdings/state=formatted/etf=IWV/asofdate=2006-09-29.csv
2020-06-13 16:20:21,270 - __main__ - INFO - IWV - post request sleep for 30 seconds ...
2020-06-13 16:20:51,282 - __main__ - INFO - IWV - HoldingsProcessor for 2006-12-29 successfully initialized
2020-06-13 16:20:52,956 - __main__ - INFO - IWV - successful response from ishares.com for request: https://www.ishares.com/us/products/239714/ishares-russell-3000-etf/1467271812596.ajax?fileType=csv&fileName=IWV_holdings&dataType=fund&asOfDate=20061229
2020-06-13 16:20:53,478 - __main__ - INFO - IWV - archive raw to s3 success: https://s3.console.aws.amazon.com/s3/object/ishares/type=holdings/state=raw/etf=IWV/asofdate=2006-12-29.gz
2020-06-13 16:20:53,478 - __main__ - INFO - IWV - schema successfully detected: domestic_equity
2020-06-13 16:20:53,480 - __main__ - INFO - IWV - file successfully formatted prior to s3 upload
2020-06-13 16:20:54,187 - __main__ - INFO - IWV - s3 upload success: https://s3.console.aws.amazon.com/s3/object/ishares/type=holdings/state=formatted/etf=IWV/asofdate=2006-12-29.csv
2020-06-13 16:20:54,192 - __main__ - INFO - IWV - post request sleep for 58 seconds ...
2020-06-13 16:21:52,205 - __main__ - INFO - IWV - HoldingsProcessor for 2007-03-30 successfully initialized
2020-06-13 16:21:54,191 - __main__ - INFO - IWV - successful response from ishares.com for request: https://www.ishares.com/us/products/239714/ishares-russell-3000-etf/1467271812596.ajax?fileType=csv&fileName=IWV_holdings&dataType=fund&asOfDate=20070330
2020-06-13 16:21:54,763 - __main__ - INFO - IWV - archive raw to s3 success: https://s3.console.aws.amazon.com/s3/object/ishares/type=holdings/state=raw/etf=IWV/asofdate=2007-03-30.gz
2020-06-13 16:21:54,763 - __main__ - INFO - IWV - schema successfully detected: domestic_equity
2020-06-13 16:21:54,770 - __main__ - INFO - IWV - file successfully formatted prior to s3 upload
2020-06-13 16:21:55,464 - __main__ - INFO - IWV - s3 upload success: https://s3.console.aws.amazon.com/s3/object/ishares/type=holdings/state=formatted/etf=IWV/asofdate=2007-03-30.csv
2020-06-13 16:21:55,466 - __main__ - INFO - IWV - post request sleep for 34 seconds ...
2020-06-13 16:22:29,485 - __main__ - INFO - IWV - HoldingsProcessor for 2007-06-29 successfully initialized
2020-06-13 16:22:31,804 - __main__ - INFO - IWV - successful response from ishares.com for request: https://www.ishares.com/us/products/239714/ishares-russell-3000-etf/1467271812596.ajax?fileType=csv&fileName=IWV_holdings&dataType=fund&asOfDate=20070629
2020-06-13 16:22:32,665 - __main__ - INFO - IWV - archive raw to s3 success: https://s3.console.aws.amazon.com/s3/object/ishares/type=holdings/state=raw/etf=IWV/asofdate=2007-06-29.gz
2020-06-13 16:22:32,665 - __main__ - INFO - IWV - schema successfully detected: domestic_equity
2020-06-13 16:22:32,668 - __main__ - INFO - IWV - file successfully formatted prior to s3 upload
2020-06-13 16:22:34,074 - __main__ - INFO - IWV - s3 upload success: https://s3.console.aws.amazon.com/s3/object/ishares/type=holdings/state=formatted/etf=IWV/asofdate=2007-06-29.csv
2020-06-13 16:22:34,076 - __main__ - INFO - IWV - post request sleep for 57 seconds ...
2020-06-13 16:23:31,093 - __main__ - INFO - IWV - HoldingsProcessor for 2007-09-28 successfully initialized
2020-06-13 16:23:32,873 - __main__ - INFO - IWV - successful response from ishares.com for request: https://www.ishares.com/us/products/239714/ishares-russell-3000-etf/1467271812596.ajax?fileType=csv&fileName=IWV_holdings&dataType=fund&asOfDate=20070928
2020-06-13 16:23:33,397 - __main__ - INFO - IWV - archive raw to s3 success: https://s3.console.aws.amazon.com/s3/object/ishares/type=holdings/state=raw/etf=IWV/asofdate=2007-09-28.gz
2020-06-13 16:23:33,397 - __main__ - INFO - IWV - schema successfully detected: domestic_equity
2020-06-13 16:23:33,402 - __main__ - INFO - IWV - file successfully formatted prior to s3 upload
2020-06-13 16:23:34,165 - __main__ - INFO - IWV - s3 upload success: https://s3.console.aws.amazon.com/s3/object/ishares/type=holdings/state=formatted/etf=IWV/asofdate=2007-09-28.csv
2020-06-13 16:23:34,168 - __main__ - INFO - IWV - post request sleep for 37 seconds ...
2020-06-13 16:24:11,175 - __main__ - INFO - IWV - HoldingsProcessor for 2008-05-30 successfully initialized
2020-06-13 16:24:13,920 - __main__ - INFO - IWV - successful response from ishares.com for request: https://www.ishares.com/us/products/239714/ishares-russell-3000-etf/1467271812596.ajax?fileType=csv&fileName=IWV_holdings&dataType=fund&asOfDate=20080530
2020-06-13 16:24:14,437 - __main__ - INFO - IWV - archive raw to s3 success: https://s3.console.aws.amazon.com/s3/object/ishares/type=holdings/state=raw/etf=IWV/asofdate=2008-05-30.gz
2020-06-13 16:24:14,437 - __main__ - INFO - IWV - schema successfully detected: domestic_equity
2020-06-13 16:24:14,440 - __main__ - INFO - IWV - file successfully formatted prior to s3 upload
2020-06-13 16:24:15,085 - __main__ - INFO - IWV - s3 upload success: https://s3.console.aws.amazon.com/s3/object/ishares/type=holdings/state=formatted/etf=IWV/asofdate=2008-05-30.csv
2020-06-13 16:24:15,088 - __main__ - INFO - IWV - post request sleep for 59 seconds ...
2020-06-13 16:25:14,101 - __main__ - INFO - IWV - HoldingsProcessor for 2008-08-29 successfully initialized
2020-06-13 16:25:16,326 - __main__ - INFO - IWV - successful response from ishares.com for request: https://www.ishares.com/us/products/239714/ishares-russell-3000-etf/1467271812596.ajax?fileType=csv&fileName=IWV_holdings&dataType=fund&asOfDate=20080829
2020-06-13 16:25:17,051 - __main__ - INFO - IWV - archive raw to s3 success: https://s3.console.aws.amazon.com/s3/object/ishares/type=holdings/state=raw/etf=IWV/asofdate=2008-08-29.gz
2020-06-13 16:25:17,051 - __main__ - INFO - IWV - schema successfully detected: domestic_equity
2020-06-13 16:25:17,055 - __main__ - INFO - IWV - file successfully formatted prior to s3 upload
2020-06-13 16:25:18,313 - __main__ - INFO - IWV - s3 upload success: https://s3.console.aws.amazon.com/s3/object/ishares/type=holdings/state=formatted/etf=IWV/asofdate=2008-08-29.csv
2020-06-13 16:25:18,315 - __main__ - INFO - IWV - post request sleep for 50 seconds ...
2020-06-13 16:26:08,331 - __main__ - INFO - IWV - HoldingsProcessor for 2008-11-28 successfully initialized
2020-06-13 16:26:10,162 - __main__ - INFO - IWV - successful response from ishares.com for request: https://www.ishares.com/us/products/239714/ishares-russell-3000-etf/1467271812596.ajax?fileType=csv&fileName=IWV_holdings&dataType=fund&asOfDate=20081128
2020-06-13 16:26:10,640 - __main__ - INFO - IWV - archive raw to s3 success: https://s3.console.aws.amazon.com/s3/object/ishares/type=holdings/state=raw/etf=IWV/asofdate=2008-11-28.gz
2020-06-13 16:26:10,640 - __main__ - INFO - IWV - schema successfully detected: domestic_equity
2020-06-13 16:26:10,646 - __main__ - INFO - IWV - file successfully formatted prior to s3 upload
2020-06-13 16:26:11,354 - __main__ - INFO - IWV - s3 upload success: https://s3.console.aws.amazon.com/s3/object/ishares/type=holdings/state=formatted/etf=IWV/asofdate=2008-11-28.csv
2020-06-13 16:26:11,357 - __main__ - INFO - IWV - post request sleep for 32 seconds ...
2020-06-13 16:26:43,366 - __main__ - INFO - IWV - HoldingsProcessor for 2009-01-30 successfully initialized
2020-06-13 16:26:45,199 - __main__ - INFO - IWV - successful response from ishares.com for request: https://www.ishares.com/us/products/239714/ishares-russell-3000-etf/1467271812596.ajax?fileType=csv&fileName=IWV_holdings&dataType=fund&asOfDate=20090130
2020-06-13 16:26:45,683 - __main__ - INFO - IWV - archive raw to s3 success: https://s3.console.aws.amazon.com/s3/object/ishares/type=holdings/state=raw/etf=IWV/asofdate=2009-01-30.gz
2020-06-13 16:26:45,684 - __main__ - INFO - IWV - schema successfully detected: domestic_equity
2020-06-13 16:26:45,689 - __main__ - INFO - IWV - file successfully formatted prior to s3 upload
2020-06-13 16:26:46,352 - __main__ - INFO - IWV - s3 upload success: https://s3.console.aws.amazon.com/s3/object/ishares/type=holdings/state=formatted/etf=IWV/asofdate=2009-01-30.csv
2020-06-13 16:26:46,355 - __main__ - INFO - IWV - post request sleep for 46 seconds ...
2020-06-13 16:27:32,362 - __main__ - INFO - IWV - HoldingsProcessor for 2009-02-27 successfully initialized
2020-06-13 16:27:34,554 - __main__ - INFO - IWV - successful response from ishares.com for request: https://www.ishares.com/us/products/239714/ishares-russell-3000-etf/1467271812596.ajax?fileType=csv&fileName=IWV_holdings&dataType=fund&asOfDate=20090227
2020-06-13 16:27:35,041 - __main__ - INFO - IWV - archive raw to s3 success: https://s3.console.aws.amazon.com/s3/object/ishares/type=holdings/state=raw/etf=IWV/asofdate=2009-02-27.gz
2020-06-13 16:27:35,042 - __main__ - INFO - IWV - schema successfully detected: domestic_equity
2020-06-13 16:27:35,046 - __main__ - INFO - IWV - file successfully formatted prior to s3 upload
2020-06-13 16:27:35,710 - __main__ - INFO - IWV - s3 upload success: https://s3.console.aws.amazon.com/s3/object/ishares/type=holdings/state=formatted/etf=IWV/asofdate=2009-02-27.csv
2020-06-13 16:27:35,713 - __main__ - INFO - IWV - post request sleep for 33 seconds ...
2020-06-13 16:28:08,727 - __main__ - INFO - IWV - HoldingsProcessor for 2009-05-29 successfully initialized
2020-06-13 16:28:10,601 - __main__ - INFO - IWV - successful response from ishares.com for request: https://www.ishares.com/us/products/239714/ishares-russell-3000-etf/1467271812596.ajax?fileType=csv&fileName=IWV_holdings&dataType=fund&asOfDate=20090529
2020-06-13 16:28:11,132 - __main__ - INFO - IWV - archive raw to s3 success: https://s3.console.aws.amazon.com/s3/object/ishares/type=holdings/state=raw/etf=IWV/asofdate=2009-05-29.gz
2020-06-13 16:28:11,132 - __main__ - INFO - IWV - schema successfully detected: domestic_equity
2020-06-13 16:28:11,136 - __main__ - INFO - IWV - file successfully formatted prior to s3 upload
2020-06-13 16:28:11,868 - __main__ - INFO - IWV - s3 upload success: https://s3.console.aws.amazon.com/s3/object/ishares/type=holdings/state=formatted/etf=IWV/asofdate=2009-05-29.csv
2020-06-13 16:28:11,873 - __main__ - INFO - IWV - post request sleep for 43 seconds ...
2020-06-13 16:28:54,883 - __main__ - INFO - IWV - HoldingsProcessor for 2009-10-30 successfully initialized
2020-06-13 16:28:56,829 - __main__ - INFO - IWV - successful response from ishares.com for request: https://www.ishares.com/us/products/239714/ishares-russell-3000-etf/1467271812596.ajax?fileType=csv&fileName=IWV_holdings&dataType=fund&asOfDate=20091030
2020-06-13 16:28:57,346 - __main__ - INFO - IWV - archive raw to s3 success: https://s3.console.aws.amazon.com/s3/object/ishares/type=holdings/state=raw/etf=IWV/asofdate=2009-10-30.gz
2020-06-13 16:28:57,347 - __main__ - INFO - IWV - schema successfully detected: domestic_equity
2020-06-13 16:28:57,350 - __main__ - INFO - IWV - file successfully formatted prior to s3 upload
2020-06-13 16:28:57,999 - __main__ - INFO - IWV - s3 upload success: https://s3.console.aws.amazon.com/s3/object/ishares/type=holdings/state=formatted/etf=IWV/asofdate=2009-10-30.csv
2020-06-13 16:28:58,000 - __main__ - INFO - IWV - post request sleep for 45 seconds ...
2020-06-13 16:29:43,022 - __main__ - INFO - IWV - HoldingsProcessor for 2010-01-29 successfully initialized
2020-06-13 16:29:44,927 - __main__ - INFO - IWV - successful response from ishares.com for request: https://www.ishares.com/us/products/239714/ishares-russell-3000-etf/1467271812596.ajax?fileType=csv&fileName=IWV_holdings&dataType=fund&asOfDate=20100129
2020-06-13 16:29:45,403 - __main__ - INFO - IWV - archive raw to s3 success: https://s3.console.aws.amazon.com/s3/object/ishares/type=holdings/state=raw/etf=IWV/asofdate=2010-01-29.gz
2020-06-13 16:29:45,403 - __main__ - INFO - IWV - schema successfully detected: domestic_equity
2020-06-13 16:29:45,405 - __main__ - INFO - IWV - file successfully formatted prior to s3 upload
2020-06-13 16:29:46,064 - __main__ - INFO - IWV - s3 upload success: https://s3.console.aws.amazon.com/s3/object/ishares/type=holdings/state=formatted/etf=IWV/asofdate=2010-01-29.csv
2020-06-13 16:29:46,068 - __main__ - INFO - IWV - post request sleep for 53 seconds ...
2020-06-13 16:30:39,080 - __main__ - INFO - IWV - HoldingsProcessor for 2010-02-26 successfully initialized
2020-06-13 16:30:40,809 - __main__ - INFO - IWV - successful response from ishares.com for request: https://www.ishares.com/us/products/239714/ishares-russell-3000-etf/1467271812596.ajax?fileType=csv&fileName=IWV_holdings&dataType=fund&asOfDate=20100226
2020-06-13 16:30:41,323 - __main__ - INFO - IWV - archive raw to s3 success: https://s3.console.aws.amazon.com/s3/object/ishares/type=holdings/state=raw/etf=IWV/asofdate=2010-02-26.gz
2020-06-13 16:30:41,323 - __main__ - INFO - IWV - schema successfully detected: domestic_equity
2020-06-13 16:30:41,329 - __main__ - INFO - IWV - file successfully formatted prior to s3 upload
2020-06-13 16:30:42,018 - __main__ - INFO - IWV - s3 upload success: https://s3.console.aws.amazon.com/s3/object/ishares/type=holdings/state=formatted/etf=IWV/asofdate=2010-02-26.csv
2020-06-13 16:30:42,019 - __main__ - INFO - IWV - post request sleep for 30 seconds ...
2020-06-13 16:31:12,032 - __main__ - INFO - IWV - HoldingsProcessor for 2010-05-28 successfully initialized
2020-06-13 16:31:14,167 - __main__ - INFO - IWV - successful response from ishares.com for request: https://www.ishares.com/us/products/239714/ishares-russell-3000-etf/1467271812596.ajax?fileType=csv&fileName=IWV_holdings&dataType=fund&asOfDate=20100528
2020-06-13 16:31:14,708 - __main__ - INFO - IWV - archive raw to s3 success: https://s3.console.aws.amazon.com/s3/object/ishares/type=holdings/state=raw/etf=IWV/asofdate=2010-05-28.gz
2020-06-13 16:31:14,708 - __main__ - INFO - IWV - schema successfully detected: domestic_equity
2020-06-13 16:31:14,715 - __main__ - INFO - IWV - file successfully formatted prior to s3 upload
2020-06-13 16:31:15,404 - __main__ - INFO - IWV - s3 upload success: https://s3.console.aws.amazon.com/s3/object/ishares/type=holdings/state=formatted/etf=IWV/asofdate=2010-05-28.csv
2020-06-13 16:31:15,409 - __main__ - INFO - IWV - post request sleep for 48 seconds ...
2020-06-13 16:32:03,435 - __main__ - INFO - IWV - HoldingsProcessor for 2010-07-30 successfully initialized
2020-06-13 16:32:05,413 - __main__ - INFO - IWV - successful response from ishares.com for request: https://www.ishares.com/us/products/239714/ishares-russell-3000-etf/1467271812596.ajax?fileType=csv&fileName=IWV_holdings&dataType=fund&asOfDate=20100730
2020-06-13 16:32:06,002 - __main__ - INFO - IWV - archive raw to s3 success: https://s3.console.aws.amazon.com/s3/object/ishares/type=holdings/state=raw/etf=IWV/asofdate=2010-07-30.gz
2020-06-13 16:32:06,002 - __main__ - INFO - IWV - schema successfully detected: domestic_equity
2020-06-13 16:32:06,010 - __main__ - INFO - IWV - file successfully formatted prior to s3 upload
2020-06-13 16:32:06,740 - __main__ - INFO - IWV - s3 upload success: https://s3.console.aws.amazon.com/s3/object/ishares/type=holdings/state=formatted/etf=IWV/asofdate=2010-07-30.csv
2020-06-13 16:32:06,743 - __main__ - INFO - IWV - post request sleep for 30 seconds ...
2020-06-13 16:32:36,752 - __main__ - INFO - IWV - HoldingsProcessor for 2010-10-29 successfully initialized
2020-06-13 16:32:38,736 - __main__ - INFO - IWV - successful response from ishares.com for request: https://www.ishares.com/us/products/239714/ishares-russell-3000-etf/1467271812596.ajax?fileType=csv&fileName=IWV_holdings&dataType=fund&asOfDate=20101029
2020-06-13 16:32:39,303 - __main__ - INFO - IWV - archive raw to s3 success: https://s3.console.aws.amazon.com/s3/object/ishares/type=holdings/state=raw/etf=IWV/asofdate=2010-10-29.gz
2020-06-13 16:32:39,304 - __main__ - INFO - IWV - schema successfully detected: domestic_equity
2020-06-13 16:32:39,309 - __main__ - INFO - IWV - file successfully formatted prior to s3 upload
2020-06-13 16:32:40,199 - __main__ - INFO - IWV - s3 upload success: https://s3.console.aws.amazon.com/s3/object/ishares/type=holdings/state=formatted/etf=IWV/asofdate=2010-10-29.csv
2020-06-13 16:32:40,202 - __main__ - INFO - IWV - post request sleep for 41 seconds ...
2020-06-13 16:33:21,208 - __main__ - INFO - IWV - HoldingsProcessor for 2011-04-29 successfully initialized
2020-06-13 16:33:23,405 - __main__ - INFO - IWV - successful response from ishares.com for request: https://www.ishares.com/us/products/239714/ishares-russell-3000-etf/1467271812596.ajax?fileType=csv&fileName=IWV_holdings&dataType=fund&asOfDate=20110429
2020-06-13 16:33:24,024 - __main__ - INFO - IWV - archive raw to s3 success: https://s3.console.aws.amazon.com/s3/object/ishares/type=holdings/state=raw/etf=IWV/asofdate=2011-04-29.gz
2020-06-13 16:33:24,025 - __main__ - INFO - IWV - schema successfully detected: domestic_equity
2020-06-13 16:33:24,028 - __main__ - INFO - IWV - file successfully formatted prior to s3 upload
2020-06-13 16:33:24,759 - __main__ - INFO - IWV - s3 upload success: https://s3.console.aws.amazon.com/s3/object/ishares/type=holdings/state=formatted/etf=IWV/asofdate=2011-04-29.csv
2020-06-13 16:33:24,764 - __main__ - INFO - IWV - post request sleep for 55 seconds ...
2020-06-13 16:34:19,771 - __main__ - INFO - IWV - HoldingsProcessor for 2011-07-29 successfully initialized
2020-06-13 16:34:21,937 - __main__ - INFO - IWV - successful response from ishares.com for request: https://www.ishares.com/us/products/239714/ishares-russell-3000-etf/1467271812596.ajax?fileType=csv&fileName=IWV_holdings&dataType=fund&asOfDate=20110729
2020-06-13 16:34:22,516 - __main__ - INFO - IWV - archive raw to s3 success: https://s3.console.aws.amazon.com/s3/object/ishares/type=holdings/state=raw/etf=IWV/asofdate=2011-07-29.gz
2020-06-13 16:34:22,516 - __main__ - INFO - IWV - schema successfully detected: domestic_equity
2020-06-13 16:34:22,526 - __main__ - INFO - IWV - file successfully formatted prior to s3 upload
2020-06-13 16:34:23,305 - __main__ - INFO - IWV - s3 upload success: https://s3.console.aws.amazon.com/s3/object/ishares/type=holdings/state=formatted/etf=IWV/asofdate=2011-07-29.csv
2020-06-13 16:34:23,309 - __main__ - INFO - IWV - post request sleep for 40 seconds ...
2020-06-13 16:35:03,325 - __main__ - INFO - IWV - HoldingsProcessor for 2011-12-30 successfully initialized
2020-06-13 16:35:04,934 - __main__ - INFO - IWV - successful response from ishares.com for request: https://www.ishares.com/us/products/239714/ishares-russell-3000-etf/1467271812596.ajax?fileType=csv&fileName=IWV_holdings&dataType=fund&asOfDate=20111230
2020-06-13 16:35:05,497 - __main__ - INFO - IWV - archive raw to s3 success: https://s3.console.aws.amazon.com/s3/object/ishares/type=holdings/state=raw/etf=IWV/asofdate=2011-12-30.gz
2020-06-13 16:35:05,497 - __main__ - INFO - IWV - schema successfully detected: domestic_equity
2020-06-13 16:35:05,500 - __main__ - INFO - IWV - file successfully formatted prior to s3 upload
2020-06-13 16:35:06,171 - __main__ - INFO - IWV - s3 upload success: https://s3.console.aws.amazon.com/s3/object/ishares/type=holdings/state=formatted/etf=IWV/asofdate=2011-12-30.csv
2020-06-13 16:35:06,172 - __main__ - INFO - IWV - post request sleep for 47 seconds ...
2020-06-13 16:35:53,179 - __main__ - INFO - IWV - HoldingsProcessor for 2012-03-30 successfully initialized
2020-06-13 16:35:55,123 - __main__ - INFO - IWV - successful response from ishares.com for request: https://www.ishares.com/us/products/239714/ishares-russell-3000-etf/1467271812596.ajax?fileType=csv&fileName=IWV_holdings&dataType=fund&asOfDate=20120330
2020-06-13 16:35:55,591 - __main__ - INFO - IWV - archive raw to s3 success: https://s3.console.aws.amazon.com/s3/object/ishares/type=holdings/state=raw/etf=IWV/asofdate=2012-03-30.gz
2020-06-13 16:35:55,591 - __main__ - INFO - IWV - schema successfully detected: domestic_equity
2020-06-13 16:35:55,593 - __main__ - INFO - IWV - file successfully formatted prior to s3 upload
2020-06-13 16:35:56,418 - __main__ - INFO - IWV - s3 upload success: https://s3.console.aws.amazon.com/s3/object/ishares/type=holdings/state=formatted/etf=IWV/asofdate=2012-03-30.csv
2020-06-13 16:35:56,420 - __main__ - INFO - IWV - post request sleep for 39 seconds ...
2020-06-13 16:36:35,440 - __main__ - INFO - IWV - HoldingsProcessor for 2012-06-29 successfully initialized
2020-06-13 16:36:37,145 - __main__ - INFO - IWV - successful response from ishares.com for request: https://www.ishares.com/us/products/239714/ishares-russell-3000-etf/1467271812596.ajax?fileType=csv&fileName=IWV_holdings&dataType=fund&asOfDate=20120629
2020-06-13 16:36:37,671 - __main__ - INFO - IWV - archive raw to s3 success: https://s3.console.aws.amazon.com/s3/object/ishares/type=holdings/state=raw/etf=IWV/asofdate=2012-06-29.gz
2020-06-13 16:36:37,671 - __main__ - INFO - IWV - schema successfully detected: domestic_equity
2020-06-13 16:36:37,677 - __main__ - INFO - IWV - file successfully formatted prior to s3 upload
2020-06-13 16:36:38,418 - __main__ - INFO - IWV - s3 upload success: https://s3.console.aws.amazon.com/s3/object/ishares/type=holdings/state=formatted/etf=IWV/asofdate=2012-06-29.csv
2020-06-13 16:36:38,420 - __main__ - INFO - IWV - post request sleep for 57 seconds ...
2020-06-13 16:37:35,436 - __main__ - INFO - IWV - HoldingsProcessor for 2012-09-28 successfully initialized
2020-06-13 16:37:37,207 - __main__ - INFO - IWV - successful response from ishares.com for request: https://www.ishares.com/us/products/239714/ishares-russell-3000-etf/1467271812596.ajax?fileType=csv&fileName=IWV_holdings&dataType=fund&asOfDate=20120928
2020-06-13 16:37:37,728 - __main__ - INFO - IWV - archive raw to s3 success: https://s3.console.aws.amazon.com/s3/object/ishares/type=holdings/state=raw/etf=IWV/asofdate=2012-09-28.gz
2020-06-13 16:37:37,728 - __main__ - INFO - IWV - schema successfully detected: domestic_equity
2020-06-13 16:37:37,731 - __main__ - INFO - IWV - file successfully formatted prior to s3 upload
2020-06-13 16:37:38,456 - __main__ - INFO - IWV - s3 upload success: https://s3.console.aws.amazon.com/s3/object/ishares/type=holdings/state=formatted/etf=IWV/asofdate=2012-09-28.csv
2020-06-13 16:37:38,458 - __main__ - INFO - IWV - post request sleep for 32 seconds ...
2020-06-13 16:38:10,465 - __main__ - INFO - IWV - HoldingsProcessor for 2013-03-28 successfully initialized
2020-06-13 16:38:12,385 - __main__ - INFO - IWV - successful response from ishares.com for request: https://www.ishares.com/us/products/239714/ishares-russell-3000-etf/1467271812596.ajax?fileType=csv&fileName=IWV_holdings&dataType=fund&asOfDate=20130328
2020-06-13 16:38:12,875 - __main__ - INFO - IWV - archive raw to s3 success: https://s3.console.aws.amazon.com/s3/object/ishares/type=holdings/state=raw/etf=IWV/asofdate=2013-03-28.gz
2020-06-13 16:38:12,876 - __main__ - INFO - IWV - schema successfully detected: domestic_equity
2020-06-13 16:38:12,882 - __main__ - INFO - IWV - file successfully formatted prior to s3 upload
2020-06-13 16:38:13,540 - __main__ - INFO - IWV - s3 upload success: https://s3.console.aws.amazon.com/s3/object/ishares/type=holdings/state=formatted/etf=IWV/asofdate=2013-03-28.csv
2020-06-13 16:38:13,542 - __main__ - INFO - IWV - post request sleep for 60 seconds ...
2020-06-13 16:39:13,554 - __main__ - INFO - IWV - HoldingsProcessor for 2013-06-28 successfully initialized
2020-06-13 16:39:15,669 - __main__ - INFO - IWV - successful response from ishares.com for request: https://www.ishares.com/us/products/239714/ishares-russell-3000-etf/1467271812596.ajax?fileType=csv&fileName=IWV_holdings&dataType=fund&asOfDate=20130628
2020-06-13 16:39:16,245 - __main__ - INFO - IWV - archive raw to s3 success: https://s3.console.aws.amazon.com/s3/object/ishares/type=holdings/state=raw/etf=IWV/asofdate=2013-06-28.gz
2020-06-13 16:39:16,245 - __main__ - INFO - IWV - schema successfully detected: domestic_equity
2020-06-13 16:39:16,253 - __main__ - INFO - IWV - file successfully formatted prior to s3 upload
2020-06-13 16:39:17,094 - __main__ - INFO - IWV - s3 upload success: https://s3.console.aws.amazon.com/s3/object/ishares/type=holdings/state=formatted/etf=IWV/asofdate=2013-06-28.csv
2020-06-13 16:39:17,095 - __main__ - INFO - IWV - post request sleep for 60 seconds ...
2020-06-13 16:40:17,108 - __main__ - INFO - IWV - HoldingsProcessor for 2013-08-30 successfully initialized
2020-06-13 16:40:18,751 - __main__ - INFO - IWV - successful response from ishares.com for request: https://www.ishares.com/us/products/239714/ishares-russell-3000-etf/1467271812596.ajax?fileType=csv&fileName=IWV_holdings&dataType=fund&asOfDate=20130830
2020-06-13 16:40:19,380 - __main__ - INFO - IWV - archive raw to s3 success: https://s3.console.aws.amazon.com/s3/object/ishares/type=holdings/state=raw/etf=IWV/asofdate=2013-08-30.gz
2020-06-13 16:40:19,380 - __main__ - INFO - IWV - schema successfully detected: domestic_equity
2020-06-13 16:40:19,385 - __main__ - INFO - IWV - file successfully formatted prior to s3 upload
2020-06-13 16:40:20,102 - __main__ - INFO - IWV - s3 upload success: https://s3.console.aws.amazon.com/s3/object/ishares/type=holdings/state=formatted/etf=IWV/asofdate=2013-08-30.csv
2020-06-13 16:40:20,104 - __main__ - INFO - IWV - post request sleep for 38 seconds ...
2020-06-13 16:40:58,112 - __main__ - INFO - IWV - HoldingsProcessor for 2013-11-29 successfully initialized
2020-06-13 16:41:00,033 - __main__ - INFO - IWV - successful response from ishares.com for request: https://www.ishares.com/us/products/239714/ishares-russell-3000-etf/1467271812596.ajax?fileType=csv&fileName=IWV_holdings&dataType=fund&asOfDate=20131129
2020-06-13 16:41:00,634 - __main__ - INFO - IWV - archive raw to s3 success: https://s3.console.aws.amazon.com/s3/object/ishares/type=holdings/state=raw/etf=IWV/asofdate=2013-11-29.gz
2020-06-13 16:41:00,634 - __main__ - INFO - IWV - schema successfully detected: domestic_equity
2020-06-13 16:41:00,641 - __main__ - INFO - IWV - file successfully formatted prior to s3 upload
2020-06-13 16:41:01,399 - __main__ - INFO - IWV - s3 upload success: https://s3.console.aws.amazon.com/s3/object/ishares/type=holdings/state=formatted/etf=IWV/asofdate=2013-11-29.csv
2020-06-13 16:41:01,405 - __main__ - INFO - IWV - post request sleep for 58 seconds ...
2020-06-13 16:41:59,421 - __main__ - INFO - IWV - HoldingsProcessor for 2014-05-30 successfully initialized
2020-06-13 16:42:01,227 - __main__ - INFO - IWV - successful response from ishares.com for request: https://www.ishares.com/us/products/239714/ishares-russell-3000-etf/1467271812596.ajax?fileType=csv&fileName=IWV_holdings&dataType=fund&asOfDate=20140530
2020-06-13 16:42:01,807 - __main__ - INFO - IWV - archive raw to s3 success: https://s3.console.aws.amazon.com/s3/object/ishares/type=holdings/state=raw/etf=IWV/asofdate=2014-05-30.gz
2020-06-13 16:42:01,807 - __main__ - INFO - IWV - schema successfully detected: domestic_equity
2020-06-13 16:42:01,813 - __main__ - INFO - IWV - file successfully formatted prior to s3 upload
2020-06-13 16:42:02,671 - __main__ - INFO - IWV - s3 upload success: https://s3.console.aws.amazon.com/s3/object/ishares/type=holdings/state=formatted/etf=IWV/asofdate=2014-05-30.csv
2020-06-13 16:42:02,674 - __main__ - INFO - IWV - post request sleep for 53 seconds ...
2020-06-13 16:42:55,679 - __main__ - INFO - IWV - HoldingsProcessor for 2014-08-29 successfully initialized
2020-06-13 16:42:59,325 - __main__ - INFO - IWV - successful response from ishares.com for request: https://www.ishares.com/us/products/239714/ishares-russell-3000-etf/1467271812596.ajax?fileType=csv&fileName=IWV_holdings&dataType=fund&asOfDate=20140829
2020-06-13 16:43:00,300 - __main__ - INFO - IWV - archive raw to s3 success: https://s3.console.aws.amazon.com/s3/object/ishares/type=holdings/state=raw/etf=IWV/asofdate=2014-08-29.gz
2020-06-13 16:43:00,301 - __main__ - INFO - IWV - schema successfully detected: domestic_equity
2020-06-13 16:43:00,308 - __main__ - INFO - IWV - file successfully formatted prior to s3 upload
2020-06-13 16:43:01,801 - __main__ - INFO - IWV - s3 upload success: https://s3.console.aws.amazon.com/s3/object/ishares/type=holdings/state=formatted/etf=IWV/asofdate=2014-08-29.csv
2020-06-13 16:43:01,805 - __main__ - INFO - IWV - post request sleep for 38 seconds ...
2020-06-13 16:43:39,810 - __main__ - INFO - IWV - HoldingsProcessor for 2014-11-28 successfully initialized
2020-06-13 16:43:42,042 - __main__ - INFO - IWV - successful response from ishares.com for request: https://www.ishares.com/us/products/239714/ishares-russell-3000-etf/1467271812596.ajax?fileType=csv&fileName=IWV_holdings&dataType=fund&asOfDate=20141128
2020-06-13 16:43:42,601 - __main__ - INFO - IWV - archive raw to s3 success: https://s3.console.aws.amazon.com/s3/object/ishares/type=holdings/state=raw/etf=IWV/asofdate=2014-11-28.gz
2020-06-13 16:43:42,601 - __main__ - INFO - IWV - schema successfully detected: domestic_equity
2020-06-13 16:43:42,607 - __main__ - INFO - IWV - file successfully formatted prior to s3 upload
2020-06-13 16:43:43,325 - __main__ - INFO - IWV - s3 upload success: https://s3.console.aws.amazon.com/s3/object/ishares/type=holdings/state=formatted/etf=IWV/asofdate=2014-11-28.csv
2020-06-13 16:43:43,327 - __main__ - INFO - IWV - post request sleep for 42 seconds ...
2020-06-13 16:44:25,335 - __main__ - INFO - IWV - HoldingsProcessor for 2015-01-30 successfully initialized
2020-06-13 16:44:27,218 - __main__ - INFO - IWV - successful response from ishares.com for request: https://www.ishares.com/us/products/239714/ishares-russell-3000-etf/1467271812596.ajax?fileType=csv&fileName=IWV_holdings&dataType=fund&asOfDate=20150130
2020-06-13 16:44:28,432 - __main__ - INFO - IWV - archive raw to s3 success: https://s3.console.aws.amazon.com/s3/object/ishares/type=holdings/state=raw/etf=IWV/asofdate=2015-01-30.gz
2020-06-13 16:44:28,432 - __main__ - INFO - IWV - schema successfully detected: domestic_equity
2020-06-13 16:44:28,435 - __main__ - INFO - IWV - file successfully formatted prior to s3 upload
2020-06-13 16:44:29,214 - __main__ - INFO - IWV - s3 upload success: https://s3.console.aws.amazon.com/s3/object/ishares/type=holdings/state=formatted/etf=IWV/asofdate=2015-01-30.csv
2020-06-13 16:44:29,217 - __main__ - INFO - IWV - post request sleep for 32 seconds ...
2020-06-13 16:45:01,223 - __main__ - INFO - IWV - HoldingsProcessor for 2015-02-27 successfully initialized
2020-06-13 16:45:03,315 - __main__ - INFO - IWV - successful response from ishares.com for request: https://www.ishares.com/us/products/239714/ishares-russell-3000-etf/1467271812596.ajax?fileType=csv&fileName=IWV_holdings&dataType=fund&asOfDate=20150227
2020-06-13 16:45:03,917 - __main__ - INFO - IWV - archive raw to s3 success: https://s3.console.aws.amazon.com/s3/object/ishares/type=holdings/state=raw/etf=IWV/asofdate=2015-02-27.gz
2020-06-13 16:45:03,918 - __main__ - INFO - IWV - schema successfully detected: domestic_equity
2020-06-13 16:45:03,924 - __main__ - INFO - IWV - file successfully formatted prior to s3 upload
2020-06-13 16:45:05,187 - __main__ - INFO - IWV - s3 upload success: https://s3.console.aws.amazon.com/s3/object/ishares/type=holdings/state=formatted/etf=IWV/asofdate=2015-02-27.csv
2020-06-13 16:45:05,190 - __main__ - INFO - IWV - post request sleep for 53 seconds ...
2020-06-13 16:45:58,197 - __main__ - INFO - IWV - HoldingsProcessor for 2015-05-29 successfully initialized
2020-06-13 16:46:00,522 - __main__ - INFO - IWV - successful response from ishares.com for request: https://www.ishares.com/us/products/239714/ishares-russell-3000-etf/1467271812596.ajax?fileType=csv&fileName=IWV_holdings&dataType=fund&asOfDate=20150529
2020-06-13 16:46:01,067 - __main__ - INFO - IWV - archive raw to s3 success: https://s3.console.aws.amazon.com/s3/object/ishares/type=holdings/state=raw/etf=IWV/asofdate=2015-05-29.gz
2020-06-13 16:46:01,067 - __main__ - INFO - IWV - schema successfully detected: domestic_equity
2020-06-13 16:46:01,070 - __main__ - INFO - IWV - file successfully formatted prior to s3 upload
2020-06-13 16:46:01,918 - __main__ - INFO - IWV - s3 upload success: https://s3.console.aws.amazon.com/s3/object/ishares/type=holdings/state=formatted/etf=IWV/asofdate=2015-05-29.csv
2020-06-13 16:46:01,923 - __main__ - INFO - IWV - post request sleep for 40 seconds ...
2020-06-13 16:46:41,932 - __main__ - INFO - IWV - HoldingsProcessor for 2015-10-30 successfully initialized
2020-06-13 16:46:44,326 - __main__ - INFO - IWV - successful response from ishares.com for request: https://www.ishares.com/us/products/239714/ishares-russell-3000-etf/1467271812596.ajax?fileType=csv&fileName=IWV_holdings&dataType=fund&asOfDate=20151030
2020-06-13 16:46:45,139 - __main__ - INFO - IWV - archive raw to s3 success: https://s3.console.aws.amazon.com/s3/object/ishares/type=holdings/state=raw/etf=IWV/asofdate=2015-10-30.gz
2020-06-13 16:46:45,140 - __main__ - INFO - IWV - schema successfully detected: domestic_equity
2020-06-13 16:46:45,143 - __main__ - INFO - IWV - file successfully formatted prior to s3 upload
2020-06-13 16:46:55,450 - __main__ - INFO - IWV - s3 upload success: https://s3.console.aws.amazon.com/s3/object/ishares/type=holdings/state=formatted/etf=IWV/asofdate=2015-10-30.csv
2020-06-13 16:46:55,452 - __main__ - INFO - IWV - post request sleep for 53 seconds ...
2020-06-13 16:47:48,463 - __main__ - INFO - IWV - HoldingsProcessor for 2016-01-29 successfully initialized
2020-06-13 16:47:50,524 - __main__ - INFO - IWV - successful response from ishares.com for request: https://www.ishares.com/us/products/239714/ishares-russell-3000-etf/1467271812596.ajax?fileType=csv&fileName=IWV_holdings&dataType=fund&asOfDate=20160129
2020-06-13 16:47:51,133 - __main__ - INFO - IWV - archive raw to s3 success: https://s3.console.aws.amazon.com/s3/object/ishares/type=holdings/state=raw/etf=IWV/asofdate=2016-01-29.gz
2020-06-13 16:47:51,133 - __main__ - INFO - IWV - schema successfully detected: domestic_equity
2020-06-13 16:47:51,135 - __main__ - INFO - IWV - file successfully formatted prior to s3 upload
2020-06-13 16:47:52,195 - __main__ - INFO - IWV - s3 upload success: https://s3.console.aws.amazon.com/s3/object/ishares/type=holdings/state=formatted/etf=IWV/asofdate=2016-01-29.csv
2020-06-13 16:47:52,197 - __main__ - INFO - IWV - post request sleep for 41 seconds ...
2020-06-13 16:48:33,207 - __main__ - INFO - IWV - HoldingsProcessor for 2016-04-29 successfully initialized
2020-06-13 16:48:34,874 - __main__ - INFO - IWV - successful response from ishares.com for request: https://www.ishares.com/us/products/239714/ishares-russell-3000-etf/1467271812596.ajax?fileType=csv&fileName=IWV_holdings&dataType=fund&asOfDate=20160429
2020-06-13 16:48:35,435 - __main__ - INFO - IWV - archive raw to s3 success: https://s3.console.aws.amazon.com/s3/object/ishares/type=holdings/state=raw/etf=IWV/asofdate=2016-04-29.gz
2020-06-13 16:48:35,435 - __main__ - INFO - IWV - schema successfully detected: domestic_equity
2020-06-13 16:48:35,438 - __main__ - INFO - IWV - file successfully formatted prior to s3 upload
2020-06-13 16:48:36,498 - __main__ - INFO - IWV - s3 upload success: https://s3.console.aws.amazon.com/s3/object/ishares/type=holdings/state=formatted/etf=IWV/asofdate=2016-04-29.csv
2020-06-13 16:48:36,501 - __main__ - INFO - IWV - post request sleep for 36 seconds ...
2020-06-13 16:49:12,506 - __main__ - INFO - IWV - HoldingsProcessor for 2016-07-29 successfully initialized
2020-06-13 16:49:14,645 - __main__ - INFO - IWV - successful response from ishares.com for request: https://www.ishares.com/us/products/239714/ishares-russell-3000-etf/1467271812596.ajax?fileType=csv&fileName=IWV_holdings&dataType=fund&asOfDate=20160729
2020-06-13 16:49:15,145 - __main__ - INFO - IWV - archive raw to s3 success: https://s3.console.aws.amazon.com/s3/object/ishares/type=holdings/state=raw/etf=IWV/asofdate=2016-07-29.gz
2020-06-13 16:49:15,146 - __main__ - INFO - IWV - schema successfully detected: domestic_equity
2020-06-13 16:49:15,156 - __main__ - INFO - IWV - file successfully formatted prior to s3 upload
2020-06-13 16:49:15,892 - __main__ - INFO - IWV - s3 upload success: https://s3.console.aws.amazon.com/s3/object/ishares/type=holdings/state=formatted/etf=IWV/asofdate=2016-07-29.csv
2020-06-13 16:49:15,895 - __main__ - INFO - IWV - post request sleep for 30 seconds ...
2020-06-13 16:49:45,907 - __main__ - INFO - IWV - HoldingsProcessor for 2016-12-30 successfully initialized
2020-06-13 16:49:47,774 - __main__ - INFO - IWV - successful response from ishares.com for request: https://www.ishares.com/us/products/239714/ishares-russell-3000-etf/1467271812596.ajax?fileType=csv&fileName=IWV_holdings&dataType=fund&asOfDate=20161230
2020-06-13 16:49:48,459 - __main__ - INFO - IWV - archive raw to s3 success: https://s3.console.aws.amazon.com/s3/object/ishares/type=holdings/state=raw/etf=IWV/asofdate=2016-12-30.gz
2020-06-13 16:49:48,459 - __main__ - INFO - IWV - schema successfully detected: domestic_equity
2020-06-13 16:49:48,471 - __main__ - INFO - IWV - file successfully formatted prior to s3 upload
2020-06-13 16:49:49,294 - __main__ - INFO - IWV - s3 upload success: https://s3.console.aws.amazon.com/s3/object/ishares/type=holdings/state=formatted/etf=IWV/asofdate=2016-12-30.csv
2020-06-13 16:49:49,302 - __main__ - INFO - IWV - post request sleep for 52 seconds ...
2020-06-13 16:50:41,319 - __main__ - INFO - IWV - HoldingsProcessor for 2017-04-28 successfully initialized
2020-06-13 16:50:43,337 - __main__ - INFO - IWV - successful response from ishares.com for request: https://www.ishares.com/us/products/239714/ishares-russell-3000-etf/1467271812596.ajax?fileType=csv&fileName=IWV_holdings&dataType=fund&asOfDate=20170428
2020-06-13 16:50:43,826 - __main__ - INFO - IWV - archive raw to s3 success: https://s3.console.aws.amazon.com/s3/object/ishares/type=holdings/state=raw/etf=IWV/asofdate=2017-04-28.gz
2020-06-13 16:50:43,826 - __main__ - INFO - IWV - schema successfully detected: domestic_equity
2020-06-13 16:50:43,829 - __main__ - INFO - IWV - file successfully formatted prior to s3 upload
2020-06-13 16:50:44,523 - __main__ - INFO - IWV - s3 upload success: https://s3.console.aws.amazon.com/s3/object/ishares/type=holdings/state=formatted/etf=IWV/asofdate=2017-04-28.csv
2020-06-13 16:50:44,525 - __main__ - INFO - IWV - post request sleep for 59 seconds ...
2020-06-13 16:51:43,533 - __main__ - INFO - IWV - HoldingsProcessor for 2017-09-29 successfully initialized
2020-06-13 16:51:45,095 - __main__ - INFO - IWV - successful response from ishares.com for request: https://www.ishares.com/us/products/239714/ishares-russell-3000-etf/1467271812596.ajax?fileType=csv&fileName=IWV_holdings&dataType=fund&asOfDate=20170929
2020-06-13 16:51:45,620 - __main__ - INFO - IWV - archive raw to s3 success: https://s3.console.aws.amazon.com/s3/object/ishares/type=holdings/state=raw/etf=IWV/asofdate=2017-09-29.gz
2020-06-13 16:51:45,621 - __main__ - INFO - IWV - schema successfully detected: domestic_equity
2020-06-13 16:51:45,627 - __main__ - INFO - IWV - file successfully formatted prior to s3 upload
2020-06-13 16:51:46,389 - __main__ - INFO - IWV - s3 upload success: https://s3.console.aws.amazon.com/s3/object/ishares/type=holdings/state=formatted/etf=IWV/asofdate=2017-09-29.csv
2020-06-13 16:51:46,392 - __main__ - INFO - IWV - post request sleep for 37 seconds ...
2020-06-13 16:52:23,407 - __main__ - INFO - IWV - HoldingsProcessor for 2017-12-29 successfully initialized
2020-06-13 16:52:25,676 - __main__ - INFO - IWV - successful response from ishares.com for request: https://www.ishares.com/us/products/239714/ishares-russell-3000-etf/1467271812596.ajax?fileType=csv&fileName=IWV_holdings&dataType=fund&asOfDate=20171229
2020-06-13 16:52:26,181 - __main__ - INFO - IWV - archive raw to s3 success: https://s3.console.aws.amazon.com/s3/object/ishares/type=holdings/state=raw/etf=IWV/asofdate=2017-12-29.gz
2020-06-13 16:52:26,181 - __main__ - INFO - IWV - schema successfully detected: domestic_equity
2020-06-13 16:52:26,185 - __main__ - INFO - IWV - file successfully formatted prior to s3 upload
2020-06-13 16:52:26,907 - __main__ - INFO - IWV - s3 upload success: https://s3.console.aws.amazon.com/s3/object/ishares/type=holdings/state=formatted/etf=IWV/asofdate=2017-12-29.csv
2020-06-13 16:52:26,910 - __main__ - INFO - IWV - post request sleep for 45 seconds ...
2020-06-13 16:53:11,914 - __main__ - INFO - IWV - HoldingsProcessor for 2018-03-29 successfully initialized
2020-06-13 16:53:13,837 - __main__ - INFO - IWV - successful response from ishares.com for request: https://www.ishares.com/us/products/239714/ishares-russell-3000-etf/1467271812596.ajax?fileType=csv&fileName=IWV_holdings&dataType=fund&asOfDate=20180329
2020-06-13 16:53:14,510 - __main__ - INFO - IWV - archive raw to s3 success: https://s3.console.aws.amazon.com/s3/object/ishares/type=holdings/state=raw/etf=IWV/asofdate=2018-03-29.gz
2020-06-13 16:53:14,510 - __main__ - INFO - IWV - schema successfully detected: domestic_equity
2020-06-13 16:53:14,513 - __main__ - INFO - IWV - file successfully formatted prior to s3 upload
2020-06-13 16:53:15,324 - __main__ - INFO - IWV - s3 upload success: https://s3.console.aws.amazon.com/s3/object/ishares/type=holdings/state=formatted/etf=IWV/asofdate=2018-03-29.csv
2020-06-13 16:53:15,326 - __main__ - INFO - IWV - post request sleep for 39 seconds ...
2020-06-13 16:53:54,338 - __main__ - INFO - IWV - HoldingsProcessor for 2018-06-29 successfully initialized
2020-06-13 16:53:56,627 - __main__ - INFO - IWV - successful response from ishares.com for request: https://www.ishares.com/us/products/239714/ishares-russell-3000-etf/1467271812596.ajax?fileType=csv&fileName=IWV_holdings&dataType=fund&asOfDate=20180629
2020-06-13 16:53:57,084 - __main__ - INFO - IWV - archive raw to s3 success: https://s3.console.aws.amazon.com/s3/object/ishares/type=holdings/state=raw/etf=IWV/asofdate=2018-06-29.gz
2020-06-13 16:53:57,084 - __main__ - INFO - IWV - schema successfully detected: domestic_equity
2020-06-13 16:53:57,090 - __main__ - INFO - IWV - file successfully formatted prior to s3 upload
2020-06-13 16:53:57,959 - __main__ - INFO - IWV - s3 upload success: https://s3.console.aws.amazon.com/s3/object/ishares/type=holdings/state=formatted/etf=IWV/asofdate=2018-06-29.csv
2020-06-13 16:53:57,960 - __main__ - INFO - IWV - post request sleep for 40 seconds ...
2020-06-13 16:54:37,968 - __main__ - INFO - IWV - HoldingsProcessor for 2018-09-28 successfully initialized
2020-06-13 16:54:40,079 - __main__ - INFO - IWV - successful response from ishares.com for request: https://www.ishares.com/us/products/239714/ishares-russell-3000-etf/1467271812596.ajax?fileType=csv&fileName=IWV_holdings&dataType=fund&asOfDate=20180928
2020-06-13 16:54:40,610 - __main__ - INFO - IWV - archive raw to s3 success: https://s3.console.aws.amazon.com/s3/object/ishares/type=holdings/state=raw/etf=IWV/asofdate=2018-09-28.gz
2020-06-13 16:54:40,611 - __main__ - INFO - IWV - schema successfully detected: domestic_equity
2020-06-13 16:54:40,615 - __main__ - INFO - IWV - file successfully formatted prior to s3 upload
2020-06-13 16:54:41,346 - __main__ - INFO - IWV - s3 upload success: https://s3.console.aws.amazon.com/s3/object/ishares/type=holdings/state=formatted/etf=IWV/asofdate=2018-09-28.csv
2020-06-13 16:54:41,350 - __main__ - INFO - IWV - post request sleep for 53 seconds ...
2020-06-13 16:55:34,359 - __main__ - INFO - IWV - HoldingsProcessor for 2019-03-29 successfully initialized
2020-06-13 16:55:36,353 - __main__ - INFO - IWV - successful response from ishares.com for request: https://www.ishares.com/us/products/239714/ishares-russell-3000-etf/1467271812596.ajax?fileType=csv&fileName=IWV_holdings&dataType=fund&asOfDate=20190329
2020-06-13 16:55:36,882 - __main__ - INFO - IWV - archive raw to s3 success: https://s3.console.aws.amazon.com/s3/object/ishares/type=holdings/state=raw/etf=IWV/asofdate=2019-03-29.gz
2020-06-13 16:55:36,883 - __main__ - INFO - IWV - schema successfully detected: domestic_equity
2020-06-13 16:55:36,889 - __main__ - INFO - IWV - file successfully formatted prior to s3 upload
2020-06-13 16:55:37,610 - __main__ - INFO - IWV - s3 upload success: https://s3.console.aws.amazon.com/s3/object/ishares/type=holdings/state=formatted/etf=IWV/asofdate=2019-03-29.csv
2020-06-13 16:55:37,615 - __main__ - INFO - IWV - post request sleep for 33 seconds ...
2020-06-13 16:56:10,631 - __main__ - INFO - IWV - HoldingsProcessor for 2019-06-28 successfully initialized
2020-06-13 16:56:12,424 - __main__ - INFO - IWV - successful response from ishares.com for request: https://www.ishares.com/us/products/239714/ishares-russell-3000-etf/1467271812596.ajax?fileType=csv&fileName=IWV_holdings&dataType=fund&asOfDate=20190628
2020-06-13 16:56:12,969 - __main__ - INFO - IWV - archive raw to s3 success: https://s3.console.aws.amazon.com/s3/object/ishares/type=holdings/state=raw/etf=IWV/asofdate=2019-06-28.gz
2020-06-13 16:56:12,969 - __main__ - INFO - IWV - schema successfully detected: domestic_equity
2020-06-13 16:56:12,975 - __main__ - INFO - IWV - file successfully formatted prior to s3 upload
2020-06-13 16:56:13,728 - __main__ - INFO - IWV - s3 upload success: https://s3.console.aws.amazon.com/s3/object/ishares/type=holdings/state=formatted/etf=IWV/asofdate=2019-06-28.csv
2020-06-13 16:56:13,732 - __main__ - INFO - IWV - post request sleep for 40 seconds ...
2020-06-13 16:56:53,736 - __main__ - INFO - IWV - HoldingsProcessor for 2019-08-30 successfully initialized
2020-06-13 16:56:55,737 - __main__ - INFO - IWV - successful response from ishares.com for request: https://www.ishares.com/us/products/239714/ishares-russell-3000-etf/1467271812596.ajax?fileType=csv&fileName=IWV_holdings&dataType=fund&asOfDate=20190830
2020-06-13 16:56:56,362 - __main__ - INFO - IWV - archive raw to s3 success: https://s3.console.aws.amazon.com/s3/object/ishares/type=holdings/state=raw/etf=IWV/asofdate=2019-08-30.gz
2020-06-13 16:56:56,362 - __main__ - INFO - IWV - schema successfully detected: domestic_equity
2020-06-13 16:56:56,372 - __main__ - INFO - IWV - file successfully formatted prior to s3 upload
2020-06-13 16:56:57,190 - __main__ - INFO - IWV - s3 upload success: https://s3.console.aws.amazon.com/s3/object/ishares/type=holdings/state=formatted/etf=IWV/asofdate=2019-08-30.csv
2020-06-13 16:56:57,193 - __main__ - INFO - IWV - post request sleep for 35 seconds ...
2020-06-13 16:57:32,203 - __main__ - INFO - IWV - HoldingsProcessor for 2019-11-29 successfully initialized
2020-06-13 16:57:34,456 - __main__ - INFO - IWV - successful response from ishares.com for request: https://www.ishares.com/us/products/239714/ishares-russell-3000-etf/1467271812596.ajax?fileType=csv&fileName=IWV_holdings&dataType=fund&asOfDate=20191129
2020-06-13 16:57:34,920 - __main__ - INFO - IWV - archive raw to s3 success: https://s3.console.aws.amazon.com/s3/object/ishares/type=holdings/state=raw/etf=IWV/asofdate=2019-11-29.gz
2020-06-13 16:57:34,920 - __main__ - INFO - IWV - schema successfully detected: domestic_equity
2020-06-13 16:57:34,930 - __main__ - INFO - IWV - file successfully formatted prior to s3 upload
2020-06-13 16:57:35,733 - __main__ - INFO - IWV - s3 upload success: https://s3.console.aws.amazon.com/s3/object/ishares/type=holdings/state=formatted/etf=IWV/asofdate=2019-11-29.csv
2020-06-13 16:57:35,735 - __main__ - INFO - IWV - post request sleep for 45 seconds ...
2020-06-13 16:58:20,742 - __main__ - INFO - IWV - HoldingsProcessor for 2020-02-28 successfully initialized
2020-06-13 16:58:22,901 - __main__ - INFO - IWV - successful response from ishares.com for request: https://www.ishares.com/us/products/239714/ishares-russell-3000-etf/1467271812596.ajax?fileType=csv&fileName=IWV_holdings&dataType=fund&asOfDate=20200228
2020-06-13 16:58:23,542 - __main__ - INFO - IWV - archive raw to s3 success: https://s3.console.aws.amazon.com/s3/object/ishares/type=holdings/state=raw/etf=IWV/asofdate=2020-02-28.gz
2020-06-13 16:58:23,542 - __main__ - INFO - IWV - schema successfully detected: domestic_equity
2020-06-13 16:58:23,545 - __main__ - INFO - IWV - file successfully formatted prior to s3 upload
2020-06-13 16:58:24,283 - __main__ - INFO - IWV - s3 upload success: https://s3.console.aws.amazon.com/s3/object/ishares/type=holdings/state=formatted/etf=IWV/asofdate=2020-02-28.csv
2020-06-13 16:58:24,287 - __main__ - INFO - IWV - post request sleep for 34 seconds ...
2020-06-13 16:58:58,292 - __main__ - INFO - IWV - HoldingsProcessor for 2020-05-29 successfully initialized
2020-06-13 16:59:00,206 - __main__ - INFO - IWV - successful response from ishares.com for request: https://www.ishares.com/us/products/239714/ishares-russell-3000-etf/1467271812596.ajax?fileType=csv&fileName=IWV_holdings&dataType=fund&asOfDate=20200529
2020-06-13 16:59:00,814 - __main__ - INFO - IWV - archive raw to s3 success: https://s3.console.aws.amazon.com/s3/object/ishares/type=holdings/state=raw/etf=IWV/asofdate=2020-05-29.gz
2020-06-13 16:59:00,814 - __main__ - INFO - IWV - schema successfully detected: domestic_equity
2020-06-13 16:59:00,819 - __main__ - INFO - IWV - file successfully formatted prior to s3 upload
2020-06-13 16:59:01,661 - __main__ - INFO - IWV - s3 upload success: https://s3.console.aws.amazon.com/s3/object/ishares/type=holdings/state=formatted/etf=IWV/asofdate=2020-05-29.csv
2020-06-13 16:59:01,663 - __main__ - INFO - IWV - post request sleep for 53 seconds ...
2020-06-13 16:59:54,665 - __main__ - INFO - IWV - successfully completed script
